Tue Apr 17 12:48:01 EDT 2018
Job started... (1 GPU)
Module loaded.
Data shape after undersample:  (666242, 10)
Found 246090 unique tokens.
Shape of data tensor:  (666242, 100)
Shape of label tensor: (666242,)
Found 400000 word vectors.
Build LSTM model...
_________________________________________________________________
Layer (type)                 Output Shape              Param #   
=================================================================
input_1 (InputLayer)         (None, 100)               0         
_________________________________________________________________
embedding_1 (Embedding)      (None, 100, 100)          1000000   
_________________________________________________________________
bidirectional_1 (Bidirection (None, 100, 100)          60400     
_________________________________________________________________
global_max_pooling1d_1 (Glob (None, 100)               0         
_________________________________________________________________
dense_1 (Dense)              (None, 50)                5050      
_________________________________________________________________
dropout_1 (Dropout)          (None, 50)                0         
_________________________________________________________________
dense_2 (Dense)              (None, 1)                 51        
=================================================================
Total params: 1,065,501
Trainable params: 1,065,501
Non-trainable params: 0
_________________________________________________________________
None
Train on 426394 samples, validate on 106599 samples
Epoch 1/20
 - 4437s - loss: 0.3581 - acc: 0.8406 - val_loss: 0.3172 - val_acc: 0.8649
Epoch 2/20
 - 4420s - loss: 0.2986 - acc: 0.8734 - val_loss: 0.2996 - val_acc: 0.8721
Epoch 3/20
 - 4418s - loss: 0.2762 - acc: 0.8847 - val_loss: 0.2966 - val_acc: 0.8733
Epoch 4/20
 - 4402s - loss: 0.2587 - acc: 0.8932 - val_loss: 0.3101 - val_acc: 0.8702
Epoch 5/20
 - 4364s - loss: 0.2438 - acc: 0.8999 - val_loss: 0.3078 - val_acc: 0.8730
Epoch 6/20
 - 4453s - loss: 0.2311 - acc: 0.9061 - val_loss: 0.3177 - val_acc: 0.8698
Epoch 7/20
 - 4789s - loss: 0.2181 - acc: 0.9115 - val_loss: 0.3151 - val_acc: 0.8716
Epoch 8/20
 - 4801s - loss: 0.2083 - acc: 0.9159 - val_loss: 0.3305 - val_acc: 0.8707
Epoch 9/20
 - 4785s - loss: 0.1981 - acc: 0.9199 - val_loss: 0.3421 - val_acc: 0.8690
Epoch 10/20
 - 4799s - loss: 0.1907 - acc: 0.9230 - val_loss: 0.3363 - val_acc: 0.8675
Epoch 11/20
 - 4803s - loss: 0.1832 - acc: 0.9263 - val_loss: 0.3702 - val_acc: 0.8675
Epoch 12/20
 - 4806s - loss: 0.1771 - acc: 0.9288 - val_loss: 0.3712 - val_acc: 0.8674
Epoch 13/20
 - 4764s - loss: 0.1715 - acc: 0.9310 - val_loss: 0.3618 - val_acc: 0.8659
Epoch 14/20
 - 4761s - loss: 0.1670 - acc: 0.9322 - val_loss: 0.3813 - val_acc: 0.8636
Epoch 15/20
 - 4755s - loss: 0.1627 - acc: 0.9346 - val_loss: 0.3909 - val_acc: 0.8630
Epoch 16/20
 - 4757s - loss: 0.1586 - acc: 0.9356 - val_loss: 0.4045 - val_acc: 0.8640
Epoch 17/20
 - 4759s - loss: 0.1540 - acc: 0.9381 - val_loss: 0.3980 - val_acc: 0.8638
Epoch 18/20
 - 4754s - loss: 0.1507 - acc: 0.9394 - val_loss: 0.4189 - val_acc: 0.8628
Epoch 19/20
 - 4738s - loss: 0.1482 - acc: 0.9403 - val_loss: 0.4195 - val_acc: 0.8630
Epoch 20/20
 - 4755s - loss: 0.1454 - acc: 0.9414 - val_loss: 0.4315 - val_acc: 0.8619

# removed lines showing all the training status
133249/133249 [==============================] - 300s 2ms/step
Test result:  ['loss', 'acc'] [0.4293151894808558, 0.8619877072248197]
The job took 94011 seconds to complete
============================================================================
                               JOB STATISTICS                              
============================================================================
      SubmitTime: 2018-04-17T12:48:00
         EndTime: 2018-04-18T17:08:01
         RunTime: 1-02:06:53
           JobId: 26960
            TRES: cpu=1,mem=64G,node=1,gres/gpu=1
            Gres: gpu:1
       Partition: gtx1080
        NodeList: gpu-stage09
         Command: /ihome/mburton/hyc23/keras/review/run.slurm
          StdOut: /ihome/mburton/hyc23/keras/review/run_gpu1.out
More information:
    - `sacct -M gpu -j 26960 -S 2018-04-17T12:48:00 -E 2018-04-18T17:08:01`
   Print control:
    - List of all possible fields: `sacct --helpformat`
    - Add `--format=<field1,field2,etc>` with fields of interest
============================================================================
